Started GET "/" for 127.0.0.1 at 2017-02-24 17:02:54 -0800
Processing by Rails::WelcomeController#index as HTML
  Parameters: {"internal"=>true}
  Rendering /home/shanglee/.rbenv/versions/2.4.0/lib/ruby/gems/2.4.0/gems/railties-5.0.1/lib/rails/templates/rails/welcome/index.html.erb
  Rendered /home/shanglee/.rbenv/versions/2.4.0/lib/ruby/gems/2.4.0/gems/railties-5.0.1/lib/rails/templates/rails/welcome/index.html.erb (2.9ms)
Completed 200 OK in 15ms (Views: 6.8ms | ActiveRecord: 0.0ms)


Started GET "/" for 127.0.0.1 at 2017-02-24 17:04:12 -0800
Processing by ApplicationController#hello as HTML
  Rendering html template
  Rendered html template (0.0ms)
Completed 200 OK in 21ms (Views: 13.8ms | ActiveRecord: 0.0ms)


  [1m[35m (12.1ms)[0m  [1m[35mCREATE TABLE "schema_migrations" ("version" varchar NOT NULL PRIMARY KEY)[0m
  [1m[35m (15.9ms)[0m  [1m[35mCREATE TABLE "ar_internal_metadata" ("key" varchar NOT NULL PRIMARY KEY, "value" varchar, "created_at" datetime NOT NULL, "updated_at" datetime NOT NULL)[0m
  [1m[36mActiveRecord::SchemaMigration Load (0.1ms)[0m  [1m[34mSELECT "schema_migrations".* FROM "schema_migrations"[0m
Migrating to CreateUsers (20170225010737)
  [1m[35m (0.0ms)[0m  [1m[36mbegin transaction[0m
  [1m[35m (0.3ms)[0m  [1m[35mCREATE TABLE "users" ("id" INTEGER PRIMARY KEY AUTOINCREMENT NOT NULL, "name" varchar, "email" varchar, "created_at" datetime NOT NULL, "updated_at" datetime NOT NULL)[0m
  [1m[35mSQL (0.1ms)[0m  [1m[32mINSERT INTO "schema_migrations" ("version") VALUES (?)[0m  [["version", "20170225010737"]]
  [1m[35m (15.3ms)[0m  [1m[36mcommit transaction[0m
  [1m[36mActiveRecord::InternalMetadata Load (0.1ms)[0m  [1m[34mSELECT  "ar_internal_metadata".* FROM "ar_internal_metadata" WHERE "ar_internal_metadata"."key" = ? LIMIT ?[0m  [["key", :environment], ["LIMIT", 1]]
  [1m[35m (0.0ms)[0m  [1m[36mbegin transaction[0m
  [1m[35mSQL (0.2ms)[0m  [1m[32mINSERT INTO "ar_internal_metadata" ("key", "value", "created_at", "updated_at") VALUES (?, ?, ?, ?)[0m  [["key", "environment"], ["value", "development"], ["created_at", 2017-02-25 01:11:52 UTC], ["updated_at", 2017-02-25 01:11:52 UTC]]
  [1m[35m (3.8ms)[0m  [1m[36mcommit transaction[0m
  [1m[36mActiveRecord::SchemaMigration Load (0.1ms)[0m  [1m[34mSELECT "schema_migrations".* FROM "schema_migrations"[0m
Started GET "/" for 127.0.0.1 at 2017-02-24 17:12:30 -0800
  [1m[36mActiveRecord::SchemaMigration Load (0.1ms)[0m  [1m[34mSELECT "schema_migrations".* FROM "schema_migrations"[0m
Processing by ApplicationController#hello as HTML
  Rendering html template
  Rendered html template (0.0ms)
Completed 200 OK in 13ms (Views: 4.8ms | ActiveRecord: 0.0ms)


Started GET "/index" for 127.0.0.1 at 2017-02-24 17:12:45 -0800
  
ActionController::RoutingError (No route matches [GET] "/index"):
  
actionpack (5.0.1) lib/action_dispatch/middleware/debug_exceptions.rb:53:in `call'
web-console (3.4.0) lib/web_console/middleware.rb:135:in `call_app'
web-console (3.4.0) lib/web_console/middleware.rb:28:in `block in call'
web-console (3.4.0) lib/web_console/middleware.rb:18:in `catch'
web-console (3.4.0) lib/web_console/middleware.rb:18:in `call'
actionpack (5.0.1) lib/action_dispatch/middleware/show_exceptions.rb:31:in `call'
railties (5.0.1) lib/rails/rack/logger.rb:36:in `call_app'
railties (5.0.1) lib/rails/rack/logger.rb:24:in `block in call'
activesupport (5.0.1) lib/active_support/tagged_logging.rb:69:in `block in tagged'
activesupport (5.0.1) lib/active_support/tagged_logging.rb:26:in `tagged'
activesupport (5.0.1) lib/active_support/tagged_logging.rb:69:in `tagged'
railties (5.0.1) lib/rails/rack/logger.rb:24:in `call'
sprockets-rails (3.2.0) lib/sprockets/rails/quiet_assets.rb:13:in `call'
actionpack (5.0.1) lib/action_dispatch/middleware/request_id.rb:24:in `call'
rack (2.0.1) lib/rack/method_override.rb:22:in `call'
rack (2.0.1) lib/rack/runtime.rb:22:in `call'
activesupport (5.0.1) lib/active_support/cache/strategy/local_cache_middleware.rb:28:in `call'
actionpack (5.0.1) lib/action_dispatch/middleware/executor.rb:12:in `call'
actionpack (5.0.1) lib/action_dispatch/middleware/static.rb:136:in `call'
rack (2.0.1) lib/rack/sendfile.rb:111:in `call'
railties (5.0.1) lib/rails/engine.rb:522:in `call'
puma (3.7.1) lib/puma/configuration.rb:232:in `call'
puma (3.7.1) lib/puma/server.rb:578:in `handle_request'
puma (3.7.1) lib/puma/server.rb:415:in `process_client'
puma (3.7.1) lib/puma/server.rb:275:in `block in run'
puma (3.7.1) lib/puma/thread_pool.rb:120:in `block in spawn_thread'
  Rendering /home/shanglee/.rbenv/versions/2.4.0/lib/ruby/gems/2.4.0/gems/actionpack-5.0.1/lib/action_dispatch/middleware/templates/rescues/routing_error.html.erb within rescues/layout
  Rendering /home/shanglee/.rbenv/versions/2.4.0/lib/ruby/gems/2.4.0/gems/actionpack-5.0.1/lib/action_dispatch/middleware/templates/rescues/_trace.html.erb
  Rendered /home/shanglee/.rbenv/versions/2.4.0/lib/ruby/gems/2.4.0/gems/actionpack-5.0.1/lib/action_dispatch/middleware/templates/rescues/_trace.html.erb (0.9ms)
  Rendered collection of /home/shanglee/.rbenv/versions/2.4.0/lib/ruby/gems/2.4.0/gems/actionpack-5.0.1/lib/action_dispatch/middleware/templates/routes/_route.html.erb [9 times] (3.6ms)
  Rendered /home/shanglee/.rbenv/versions/2.4.0/lib/ruby/gems/2.4.0/gems/actionpack-5.0.1/lib/action_dispatch/middleware/templates/routes/_table.html.erb (6.4ms)
  Rendering /home/shanglee/.rbenv/versions/2.4.0/lib/ruby/gems/2.4.0/gems/actionpack-5.0.1/lib/action_dispatch/middleware/templates/rescues/_request_and_response.html.erb
  Rendered /home/shanglee/.rbenv/versions/2.4.0/lib/ruby/gems/2.4.0/gems/actionpack-5.0.1/lib/action_dispatch/middleware/templates/rescues/_request_and_response.html.erb (1.4ms)
  Rendered /home/shanglee/.rbenv/versions/2.4.0/lib/ruby/gems/2.4.0/gems/actionpack-5.0.1/lib/action_dispatch/middleware/templates/rescues/routing_error.html.erb within rescues/layout (34.0ms)
Started GET "/users" for 127.0.0.1 at 2017-02-24 17:13:12 -0800
Processing by UsersController#index as HTML
  Rendering users/index.html.erb within layouts/application
  [1m[36mUser Load (0.2ms)[0m  [1m[34mSELECT "users".* FROM "users"[0m
  Rendered users/index.html.erb within layouts/application (1.8ms)
Completed 200 OK in 614ms (Views: 601.7ms | ActiveRecord: 0.4ms)


Started GET "/users/new" for 127.0.0.1 at 2017-02-24 17:14:50 -0800
Processing by UsersController#new as HTML
  Rendering users/new.html.erb within layouts/application
  Rendered users/_form.html.erb (12.2ms)
  Rendered users/new.html.erb within layouts/application (13.4ms)
Completed 200 OK in 34ms (Views: 27.5ms | ActiveRecord: 0.3ms)


Started POST "/users" for 127.0.0.1 at 2017-02-24 17:15:00 -0800
Processing by UsersController#create as HTML
  Parameters: {"utf8"=>"✓", "authenticity_token"=>"tXgwe255MAlFLUTH3+kjJYpWfPHZSDHh3ynwBkpTV9s43wyscDiV0y4uT1MLldwVON8BUsaxdgzvbGKwYBGhYg==", "user"=>{"name"=>"Matt", "email"=>"leif09123@live.com"}, "commit"=>"Create User"}
  [1m[35m (0.1ms)[0m  [1m[36mbegin transaction[0m
  [1m[35mSQL (1.1ms)[0m  [1m[32mINSERT INTO "users" ("name", "email", "created_at", "updated_at") VALUES (?, ?, ?, ?)[0m  [["name", "Matt"], ["email", "leif09123@live.com"], ["created_at", 2017-02-25 01:15:00 UTC], ["updated_at", 2017-02-25 01:15:00 UTC]]
  [1m[35m (5.8ms)[0m  [1m[36mcommit transaction[0m
Redirected to http://localhost:3000/users/1
Completed 302 Found in 12ms (ActiveRecord: 7.0ms)


Started GET "/users/1" for 127.0.0.1 at 2017-02-24 17:15:00 -0800
Processing by UsersController#show as HTML
  Parameters: {"id"=>"1"}
  [1m[36mUser Load (0.1ms)[0m  [1m[34mSELECT  "users".* FROM "users" WHERE "users"."id" = ? LIMIT ?[0m  [["id", 1], ["LIMIT", 1]]
  Rendering users/show.html.erb within layouts/application
  Rendered users/show.html.erb within layouts/application (0.5ms)
Completed 200 OK in 15ms (Views: 12.1ms | ActiveRecord: 0.1ms)


Started GET "/users/1/edit" for 127.0.0.1 at 2017-02-24 17:15:04 -0800
Processing by UsersController#edit as HTML
  Parameters: {"id"=>"1"}
  [1m[36mUser Load (0.1ms)[0m  [1m[34mSELECT  "users".* FROM "users" WHERE "users"."id" = ? LIMIT ?[0m  [["id", 1], ["LIMIT", 1]]
  Rendering users/edit.html.erb within layouts/application
  Rendered users/_form.html.erb (1.8ms)
  Rendered users/edit.html.erb within layouts/application (3.0ms)
Completed 200 OK in 25ms (Views: 23.3ms | ActiveRecord: 0.1ms)


Started GET "/users" for 127.0.0.1 at 2017-02-24 17:15:05 -0800
Processing by UsersController#index as HTML
  Rendering users/index.html.erb within layouts/application
  [1m[36mUser Load (0.1ms)[0m  [1m[34mSELECT "users".* FROM "users"[0m
  Rendered users/index.html.erb within layouts/application (2.0ms)
Completed 200 OK in 24ms (Views: 21.7ms | ActiveRecord: 0.1ms)


Started GET "/users/1" for 127.0.0.1 at 2017-02-24 17:15:08 -0800
Processing by UsersController#show as HTML
  Parameters: {"id"=>"1"}
  [1m[36mUser Load (0.1ms)[0m  [1m[34mSELECT  "users".* FROM "users" WHERE "users"."id" = ? LIMIT ?[0m  [["id", 1], ["LIMIT", 1]]
  Rendering users/show.html.erb within layouts/application
  Rendered users/show.html.erb within layouts/application (1.3ms)
Completed 200 OK in 25ms (Views: 23.3ms | ActiveRecord: 0.1ms)


Started GET "/users" for 127.0.0.1 at 2017-02-24 17:15:10 -0800
Processing by UsersController#index as HTML
  Rendering users/index.html.erb within layouts/application
  [1m[36mUser Load (0.2ms)[0m  [1m[34mSELECT "users".* FROM "users"[0m
  Rendered users/index.html.erb within layouts/application (2.8ms)
Completed 200 OK in 27ms (Views: 25.9ms | ActiveRecord: 0.2ms)


Started GET "/users/new" for 127.0.0.1 at 2017-02-24 17:16:06 -0800
Processing by UsersController#new as HTML
  Rendering users/new.html.erb within layouts/application
  Rendered users/_form.html.erb (2.4ms)
  Rendered users/new.html.erb within layouts/application (4.0ms)
Completed 200 OK in 29ms (Views: 27.5ms | ActiveRecord: 0.0ms)


Started POST "/users" for 127.0.0.1 at 2017-02-24 17:16:18 -0800
Processing by UsersController#create as HTML
  Parameters: {"utf8"=>"✓", "authenticity_token"=>"NtsGOGFB57EphjWrH+N7RPF4ykJEdRZBpRBWH/Z1K167fDrvfwBCa0KFPj/Ln4R0Q/G34VuMUayVVcSp3Dfd5w==", "user"=>{"name"=>"Nick", "email"=>"nicknock@qq.com"}, "commit"=>"Create User"}
  [1m[35m (0.1ms)[0m  [1m[36mbegin transaction[0m
  [1m[35mSQL (0.8ms)[0m  [1m[32mINSERT INTO "users" ("name", "email", "created_at", "updated_at") VALUES (?, ?, ?, ?)[0m  [["name", "Nick"], ["email", "nicknock@qq.com"], ["created_at", 2017-02-25 01:16:18 UTC], ["updated_at", 2017-02-25 01:16:18 UTC]]
  [1m[35m (6.0ms)[0m  [1m[36mcommit transaction[0m
Redirected to http://localhost:3000/users/2
Completed 302 Found in 12ms (ActiveRecord: 6.9ms)


Started GET "/users/2" for 127.0.0.1 at 2017-02-24 17:16:18 -0800
Processing by UsersController#show as HTML
  Parameters: {"id"=>"2"}
  [1m[36mUser Load (0.2ms)[0m  [1m[34mSELECT  "users".* FROM "users" WHERE "users"."id" = ? LIMIT ?[0m  [["id", 2], ["LIMIT", 1]]
  Rendering users/show.html.erb within layouts/application
  Rendered users/show.html.erb within layouts/application (0.6ms)
Completed 200 OK in 17ms (Views: 14.9ms | ActiveRecord: 0.2ms)


Started GET "/users" for 127.0.0.1 at 2017-02-24 17:16:21 -0800
Processing by UsersController#index as HTML
  Rendering users/index.html.erb within layouts/application
  [1m[36mUser Load (0.2ms)[0m  [1m[34mSELECT "users".* FROM "users"[0m
  Rendered users/index.html.erb within layouts/application (3.9ms)
Completed 200 OK in 32ms (Views: 30.6ms | ActiveRecord: 0.2ms)


Started DELETE "/users/2" for 127.0.0.1 at 2017-02-24 17:17:01 -0800
Processing by UsersController#destroy as HTML
  Parameters: {"authenticity_token"=>"i6fhbJxXNAMy+5efgpF8GNpWkbxUXBU+LjDdB4LlG1NF+WmFy3s+TbIUfjv98EysI/thpMpy2RXE8CRcHaJU2Q==", "id"=>"2"}
  [1m[36mUser Load (0.1ms)[0m  [1m[34mSELECT  "users".* FROM "users" WHERE "users"."id" = ? LIMIT ?[0m  [["id", 2], ["LIMIT", 1]]
  [1m[35m (0.0ms)[0m  [1m[36mbegin transaction[0m
  [1m[35mSQL (0.1ms)[0m  [1m[31mDELETE FROM "users" WHERE "users"."id" = ?[0m  [["id", 2]]
  [1m[35m (12.7ms)[0m  [1m[36mcommit transaction[0m
Redirected to http://localhost:3000/users
Completed 302 Found in 16ms (ActiveRecord: 13.0ms)


Started GET "/users" for 127.0.0.1 at 2017-02-24 17:17:01 -0800
Processing by UsersController#index as HTML
  Rendering users/index.html.erb within layouts/application
  [1m[36mUser Load (0.1ms)[0m  [1m[34mSELECT "users".* FROM "users"[0m
  Rendered users/index.html.erb within layouts/application (1.2ms)
Completed 200 OK in 16ms (Views: 15.3ms | ActiveRecord: 0.1ms)


Started GET "/users/new" for 127.0.0.1 at 2017-02-24 17:18:23 -0800
Processing by UsersController#new as HTML
  Rendering users/new.html.erb within layouts/application
  Rendered users/_form.html.erb (1.8ms)
  Rendered users/new.html.erb within layouts/application (3.1ms)
Completed 200 OK in 25ms (Views: 23.6ms | ActiveRecord: 0.0ms)


Started GET "/users/new" for 127.0.0.1 at 2017-02-24 17:19:13 -0800
Processing by UsersController#new as HTML
  Rendering users/new.html.erb within layouts/application
  Rendered users/_form.html.erb (1.4ms)
  Rendered users/new.html.erb within layouts/application (2.9ms)
Completed 200 OK in 20ms (Views: 18.5ms | ActiveRecord: 0.0ms)


Started POST "/users" for 127.0.0.1 at 2017-02-24 17:20:23 -0800
Processing by UsersController#create as HTML
  Parameters: {"utf8"=>"✓", "authenticity_token"=>"X47VjE4SzqbnLced0KetPGXIbKXHFLRP296tkS3mbV3SKelbUFNrfIwuzAkE21IM10ERBtjt86Lrmz8nB6Sb5A==", "user"=>{"name"=>"123", "email"=>"456@789.com"}, "commit"=>"Create User"}
  [1m[35m (0.2ms)[0m  [1m[36mbegin transaction[0m
  [1m[35mSQL (0.5ms)[0m  [1m[32mINSERT INTO "users" ("name", "email", "created_at", "updated_at") VALUES (?, ?, ?, ?)[0m  [["name", "123"], ["email", "456@789.com"], ["created_at", 2017-02-25 01:20:23 UTC], ["updated_at", 2017-02-25 01:20:23 UTC]]
  [1m[35m (3.8ms)[0m  [1m[36mcommit transaction[0m
Redirected to http://localhost:3000/users/3
Completed 302 Found in 9ms (ActiveRecord: 4.5ms)


Started GET "/users/3" for 127.0.0.1 at 2017-02-24 17:20:23 -0800
Processing by UsersController#show as HTML
  Parameters: {"id"=>"3"}
  [1m[36mUser Load (0.1ms)[0m  [1m[34mSELECT  "users".* FROM "users" WHERE "users"."id" = ? LIMIT ?[0m  [["id", 3], ["LIMIT", 1]]
  Rendering users/show.html.erb within layouts/application
  Rendered users/show.html.erb within layouts/application (0.6ms)
Completed 200 OK in 16ms (Views: 15.1ms | ActiveRecord: 0.1ms)


Started GET "/users/3" for 127.0.0.1 at 2017-02-24 17:25:39 -0800
Processing by UsersController#show as HTML
  Parameters: {"id"=>"3"}
  [1m[36mUser Load (0.1ms)[0m  [1m[34mSELECT  "users".* FROM "users" WHERE "users"."id" = ? LIMIT ?[0m  [["id", 3], ["LIMIT", 1]]
  Rendering users/show.html.erb within layouts/application
  Rendered users/show.html.erb within layouts/application (0.6ms)
Completed 200 OK in 29ms (Views: 28.0ms | ActiveRecord: 0.1ms)


Started GET "/users/3" for 127.0.0.1 at 2017-02-24 17:25:43 -0800
Processing by UsersController#show as HTML
  Parameters: {"id"=>"3"}
  [1m[36mUser Load (0.1ms)[0m  [1m[34mSELECT  "users".* FROM "users" WHERE "users"."id" = ? LIMIT ?[0m  [["id", 3], ["LIMIT", 1]]
  Rendering users/show.html.erb within layouts/application
  Rendered users/show.html.erb within layouts/application (0.6ms)
Completed 200 OK in 19ms (Views: 17.6ms | ActiveRecord: 0.1ms)


Started GET "/users" for 127.0.0.1 at 2017-02-24 17:25:57 -0800
Processing by UsersController#index as HTML
  Rendering users/index.html.erb within layouts/application
  [1m[36mUser Load (0.2ms)[0m  [1m[34mSELECT "users".* FROM "users"[0m
  Rendered users/index.html.erb within layouts/application (2.0ms)
Completed 200 OK in 25ms (Views: 23.7ms | ActiveRecord: 0.2ms)


Started GET "/users/new" for 127.0.0.1 at 2017-02-24 17:25:59 -0800
Processing by UsersController#new as HTML
  Rendering users/new.html.erb within layouts/application
  Rendered users/_form.html.erb (4.5ms)
  Rendered users/new.html.erb within layouts/application (7.4ms)
Completed 200 OK in 32ms (Views: 31.0ms | ActiveRecord: 0.0ms)


Started POST "/users" for 127.0.0.1 at 2017-02-24 17:26:02 -0800
Processing by UsersController#create as HTML
  Parameters: {"utf8"=>"✓", "authenticity_token"=>"DGfOwaO4ouGQ8amQoBdapSKO1SaY0ScHuGk9o2oU4ByBwPIWvfkHO/vyogR0a6WVkAeohYcoYOqILK8VQFYWpQ==", "user"=>{"name"=>"Scott", "email"=>""}, "commit"=>"Create User"}
  [1m[35m (0.1ms)[0m  [1m[36mbegin transaction[0m
  [1m[35mSQL (1.3ms)[0m  [1m[32mINSERT INTO "users" ("name", "email", "created_at", "updated_at") VALUES (?, ?, ?, ?)[0m  [["name", "Scott"], ["email", ""], ["created_at", 2017-02-25 01:26:02 UTC], ["updated_at", 2017-02-25 01:26:02 UTC]]
  [1m[35m (11.5ms)[0m  [1m[36mcommit transaction[0m
Redirected to http://localhost:3000/users/4
Completed 302 Found in 18ms (ActiveRecord: 12.9ms)


Started GET "/users/4" for 127.0.0.1 at 2017-02-24 17:26:02 -0800
Processing by UsersController#show as HTML
  Parameters: {"id"=>"4"}
  [1m[36mUser Load (0.1ms)[0m  [1m[34mSELECT  "users".* FROM "users" WHERE "users"."id" = ? LIMIT ?[0m  [["id", 4], ["LIMIT", 1]]
  Rendering users/show.html.erb within layouts/application
  Rendered users/show.html.erb within layouts/application (1.7ms)
Completed 200 OK in 21ms (Views: 19.7ms | ActiveRecord: 0.1ms)


Started GET "/users/3" for 127.0.0.1 at 2017-02-24 17:26:09 -0800
Processing by UsersController#show as HTML
  Parameters: {"id"=>"3"}
  [1m[36mUser Load (0.1ms)[0m  [1m[34mSELECT  "users".* FROM "users" WHERE "users"."id" = ? LIMIT ?[0m  [["id", 3], ["LIMIT", 1]]
  Rendering users/show.html.erb within layouts/application
  Rendered users/show.html.erb within layouts/application (0.5ms)
Completed 200 OK in 23ms (Views: 21.6ms | ActiveRecord: 0.1ms)


Started GET "/users" for 127.0.0.1 at 2017-02-24 17:26:42 -0800
Processing by UsersController#index as HTML
  Rendering users/index.html.erb within layouts/application
  [1m[36mUser Load (0.1ms)[0m  [1m[34mSELECT "users".* FROM "users"[0m
  Rendered users/index.html.erb within layouts/application (2.6ms)
Completed 200 OK in 32ms (Views: 30.9ms | ActiveRecord: 0.1ms)


Started DELETE "/users/3" for 127.0.0.1 at 2017-02-24 17:26:45 -0800
Processing by UsersController#destroy as HTML
  Parameters: {"authenticity_token"=>"cByZk564uqHYRWxthMXXWqgK1C0p6KfgRiZMof3Pdl++QhF6yZSw71iqhcn7pOfuUackNbfGa8us5rX6Yog51Q==", "id"=>"3"}
  [1m[36mUser Load (0.1ms)[0m  [1m[34mSELECT  "users".* FROM "users" WHERE "users"."id" = ? LIMIT ?[0m  [["id", 3], ["LIMIT", 1]]
  [1m[35m (0.1ms)[0m  [1m[36mbegin transaction[0m
  [1m[35mSQL (0.5ms)[0m  [1m[31mDELETE FROM "users" WHERE "users"."id" = ?[0m  [["id", 3]]
  [1m[35m (10.9ms)[0m  [1m[36mcommit transaction[0m
Redirected to http://localhost:3000/users
Completed 302 Found in 15ms (ActiveRecord: 11.5ms)


Started GET "/users" for 127.0.0.1 at 2017-02-24 17:26:45 -0800
Processing by UsersController#index as HTML
  Rendering users/index.html.erb within layouts/application
  [1m[36mUser Load (0.1ms)[0m  [1m[34mSELECT "users".* FROM "users"[0m
  Rendered users/index.html.erb within layouts/application (1.4ms)
Completed 200 OK in 15ms (Views: 14.6ms | ActiveRecord: 0.1ms)


Started DELETE "/users/4" for 127.0.0.1 at 2017-02-24 17:26:59 -0800
Processing by UsersController#destroy as HTML
  Parameters: {"authenticity_token"=>"wRfOhMwaBgY0lG64OOkuSb9s/fQ0zAMRputmb/So99MPSUZtmzYMSLR7hxxHiB79RsEN7KrizzpMK580a++4WQ==", "id"=>"4"}
  [1m[36mUser Load (0.1ms)[0m  [1m[34mSELECT  "users".* FROM "users" WHERE "users"."id" = ? LIMIT ?[0m  [["id", 4], ["LIMIT", 1]]
  [1m[35m (0.0ms)[0m  [1m[36mbegin transaction[0m
  [1m[35mSQL (0.1ms)[0m  [1m[31mDELETE FROM "users" WHERE "users"."id" = ?[0m  [["id", 4]]
  [1m[35m (10.7ms)[0m  [1m[36mcommit transaction[0m
Redirected to http://localhost:3000/users
Completed 302 Found in 14ms (ActiveRecord: 11.0ms)


Started GET "/users" for 127.0.0.1 at 2017-02-24 17:26:59 -0800
Processing by UsersController#index as HTML
  Rendering users/index.html.erb within layouts/application
  [1m[36mUser Load (0.1ms)[0m  [1m[34mSELECT "users".* FROM "users"[0m
  Rendered users/index.html.erb within layouts/application (1.2ms)
Completed 200 OK in 16ms (Views: 14.7ms | ActiveRecord: 0.1ms)


Started GET "/users" for 127.0.0.1 at 2017-02-24 17:42:46 -0800
Processing by UsersController#index as HTML
  Rendering users/index.html.erb within layouts/application
  [1m[36mUser Load (0.1ms)[0m  [1m[34mSELECT "users".* FROM "users"[0m
  Rendered users/index.html.erb within layouts/application (1.6ms)
Completed 200 OK in 16ms (Views: 15.2ms | ActiveRecord: 0.1ms)


  [1m[36mActiveRecord::SchemaMigration Load (0.1ms)[0m  [1m[34mSELECT "schema_migrations".* FROM "schema_migrations"[0m
Migrating to CreateMicroposts (20170225221934)
  [1m[35m (0.1ms)[0m  [1m[36mbegin transaction[0m
  [1m[35m (0.9ms)[0m  [1m[35mCREATE TABLE "microposts" ("id" INTEGER PRIMARY KEY AUTOINCREMENT NOT NULL, "content" text, "user_id" integer, "created_at" datetime NOT NULL, "updated_at" datetime NOT NULL)[0m
  [1m[35mSQL (0.1ms)[0m  [1m[32mINSERT INTO "schema_migrations" ("version") VALUES (?)[0m  [["version", "20170225221934"]]
  [1m[35m (11.9ms)[0m  [1m[36mcommit transaction[0m
  [1m[36mActiveRecord::InternalMetadata Load (0.1ms)[0m  [1m[34mSELECT  "ar_internal_metadata".* FROM "ar_internal_metadata" WHERE "ar_internal_metadata"."key" = ? LIMIT ?[0m  [["key", :environment], ["LIMIT", 1]]
  [1m[35m (0.0ms)[0m  [1m[36mbegin transaction[0m
  [1m[35m (0.0ms)[0m  [1m[36mcommit transaction[0m
  [1m[36mActiveRecord::SchemaMigration Load (0.1ms)[0m  [1m[34mSELECT "schema_migrations".* FROM "schema_migrations"[0m
Started GET "/users" for 127.0.0.1 at 2017-02-25 14:25:07 -0800
  [1m[36mActiveRecord::SchemaMigration Load (0.1ms)[0m  [1m[34mSELECT "schema_migrations".* FROM "schema_migrations"[0m
Processing by UsersController#index as HTML
  Rendering users/index.html.erb within layouts/application
  [1m[36mUser Load (0.1ms)[0m  [1m[34mSELECT "users".* FROM "users"[0m
  Rendered users/index.html.erb within layouts/application (6.7ms)
Completed 200 OK in 83ms (Views: 75.1ms | ActiveRecord: 0.7ms)


Started GET "/users" for 127.0.0.1 at 2017-02-25 14:25:16 -0800
Processing by UsersController#index as HTML
  Rendering users/index.html.erb within layouts/application
  [1m[36mUser Load (0.3ms)[0m  [1m[34mSELECT "users".* FROM "users"[0m
  Rendered users/index.html.erb within layouts/application (1.9ms)
Completed 200 OK in 19ms (Views: 17.6ms | ActiveRecord: 0.3ms)


Started GET "/users/new" for 127.0.0.1 at 2017-02-25 14:25:18 -0800
Processing by UsersController#new as HTML
  Rendering users/new.html.erb within layouts/application
  Rendered users/_form.html.erb (1.6ms)
  Rendered users/new.html.erb within layouts/application (2.5ms)
Completed 200 OK in 27ms (Views: 25.7ms | ActiveRecord: 0.0ms)


Started POST "/users" for 127.0.0.1 at 2017-02-25 14:25:31 -0800
Processing by UsersController#create as HTML
  Parameters: {"utf8"=>"✓", "authenticity_token"=>"4FrvyEAnPF74eqsI5zj7p/jR+iVfjP1ZHEtyEN9ui5Ft/dMfXmaZhJN5oJwzRASXSliHhkB1urQsDuCm9Sx9KA==", "user"=>{"name"=>"Mike", "email"=>"fake@not.com"}, "commit"=>"Create User"}
  [1m[35m (0.1ms)[0m  [1m[36mbegin transaction[0m
  [1m[35mSQL (0.7ms)[0m  [1m[32mINSERT INTO "users" ("name", "email", "created_at", "updated_at") VALUES (?, ?, ?, ?)[0m  [["name", "Mike"], ["email", "fake@not.com"], ["created_at", 2017-02-25 22:25:31 UTC], ["updated_at", 2017-02-25 22:25:31 UTC]]
  [1m[35m (12.7ms)[0m  [1m[36mcommit transaction[0m
Redirected to http://localhost:3000/users/5
Completed 302 Found in 17ms (ActiveRecord: 13.5ms)


Started GET "/users/5" for 127.0.0.1 at 2017-02-25 14:25:31 -0800
Processing by UsersController#show as HTML
  Parameters: {"id"=>"5"}
  [1m[36mUser Load (0.2ms)[0m  [1m[34mSELECT  "users".* FROM "users" WHERE "users"."id" = ? LIMIT ?[0m  [["id", 5], ["LIMIT", 1]]
  Rendering users/show.html.erb within layouts/application
  Rendered users/show.html.erb within layouts/application (0.8ms)
Completed 200 OK in 18ms (Views: 15.7ms | ActiveRecord: 0.2ms)


Started GET "/users" for 127.0.0.1 at 2017-02-25 14:25:34 -0800
Processing by UsersController#index as HTML
  Rendering users/index.html.erb within layouts/application
  [1m[36mUser Load (0.2ms)[0m  [1m[34mSELECT "users".* FROM "users"[0m
  Rendered users/index.html.erb within layouts/application (1.8ms)
Completed 200 OK in 30ms (Views: 28.4ms | ActiveRecord: 0.2ms)


Started GET "/microposts" for 127.0.0.1 at 2017-02-25 14:25:43 -0800
Processing by MicropostsController#index as HTML
  Rendering microposts/index.html.erb within layouts/application
  [1m[36mMicropost Load (0.1ms)[0m  [1m[34mSELECT "microposts".* FROM "microposts"[0m
  Rendered microposts/index.html.erb within layouts/application (1.5ms)
Completed 200 OK in 26ms (Views: 15.9ms | ActiveRecord: 0.3ms)


Started GET "/microposts/new" for 127.0.0.1 at 2017-02-25 14:25:48 -0800
Processing by MicropostsController#new as HTML
  Rendering microposts/new.html.erb within layouts/application
  Rendered microposts/_form.html.erb (12.2ms)
  Rendered microposts/new.html.erb within layouts/application (13.2ms)
Completed 200 OK in 31ms (Views: 27.5ms | ActiveRecord: 0.2ms)


Started POST "/microposts" for 127.0.0.1 at 2017-02-25 14:26:03 -0800
Processing by MicropostsController#create as HTML
  Parameters: {"utf8"=>"✓", "authenticity_token"=>"1Wl8SiAC3eCT/UaL0IeBFOrKIM8gjlSG9uK/FzaIhGPUVCPTxBfJCXIMTxBpmtyxq3s786hEulYLurGe0jCv0w==", "micropost"=>{"content"=>"Here is content", "user_id"=>"1"}, "commit"=>"Create Micropost"}
  [1m[35m (0.1ms)[0m  [1m[36mbegin transaction[0m
  [1m[35mSQL (1.9ms)[0m  [1m[32mINSERT INTO "microposts" ("content", "user_id", "created_at", "updated_at") VALUES (?, ?, ?, ?)[0m  [["content", "Here is content"], ["user_id", 1], ["created_at", 2017-02-25 22:26:03 UTC], ["updated_at", 2017-02-25 22:26:03 UTC]]
  [1m[35m (8.5ms)[0m  [1m[36mcommit transaction[0m
Redirected to http://localhost:3000/microposts/1
Completed 302 Found in 15ms (ActiveRecord: 10.5ms)


Started GET "/microposts/1" for 127.0.0.1 at 2017-02-25 14:26:03 -0800
Processing by MicropostsController#show as HTML
  Parameters: {"id"=>"1"}
  [1m[36mMicropost Load (0.1ms)[0m  [1m[34mSELECT  "microposts".* FROM "microposts" WHERE "microposts"."id" = ? LIMIT ?[0m  [["id", 1], ["LIMIT", 1]]
  Rendering microposts/show.html.erb within layouts/application
  Rendered microposts/show.html.erb within layouts/application (0.8ms)
Completed 200 OK in 16ms (Views: 14.6ms | ActiveRecord: 0.1ms)


Started GET "/microposts" for 127.0.0.1 at 2017-02-25 14:26:07 -0800
Processing by MicropostsController#index as HTML
  Rendering microposts/index.html.erb within layouts/application
  [1m[36mMicropost Load (0.2ms)[0m  [1m[34mSELECT "microposts".* FROM "microposts"[0m
  Rendered microposts/index.html.erb within layouts/application (2.2ms)
Completed 200 OK in 26ms (Views: 24.9ms | ActiveRecord: 0.2ms)


Started GET "/microposts/new" for 127.0.0.1 at 2017-02-25 14:26:53 -0800
Processing by MicropostsController#new as HTML
  Rendering microposts/new.html.erb within layouts/application
  Rendered microposts/_form.html.erb (3.1ms)
  Rendered microposts/new.html.erb within layouts/application (5.6ms)
Completed 200 OK in 27ms (Views: 26.5ms | ActiveRecord: 0.0ms)


Started POST "/microposts" for 127.0.0.1 at 2017-02-25 14:27:01 -0800
Processing by MicropostsController#create as HTML
  Parameters: {"utf8"=>"✓", "authenticity_token"=>"4/SlSm55GgAMYqJYxSXGfOcXwrjvAqd049VupH8uMNniyfrTimwO6e2Tq8N8OJvZpqbZhGfISaQejWAtm5YbaQ==", "micropost"=>{"content"=>"This is more content", "user_id"=>"0"}, "commit"=>"Create Micropost"}
  [1m[35m (0.1ms)[0m  [1m[36mbegin transaction[0m
  [1m[35mSQL (2.7ms)[0m  [1m[32mINSERT INTO "microposts" ("content", "user_id", "created_at", "updated_at") VALUES (?, ?, ?, ?)[0m  [["content", "This is more content"], ["user_id", 0], ["created_at", 2017-02-25 22:27:01 UTC], ["updated_at", 2017-02-25 22:27:01 UTC]]
  [1m[35m (6.4ms)[0m  [1m[36mcommit transaction[0m
Redirected to http://localhost:3000/microposts/2
Completed 302 Found in 13ms (ActiveRecord: 9.2ms)


Started GET "/microposts/2" for 127.0.0.1 at 2017-02-25 14:27:01 -0800
Processing by MicropostsController#show as HTML
  Parameters: {"id"=>"2"}
  [1m[36mMicropost Load (0.1ms)[0m  [1m[34mSELECT  "microposts".* FROM "microposts" WHERE "microposts"."id" = ? LIMIT ?[0m  [["id", 2], ["LIMIT", 1]]
  Rendering microposts/show.html.erb within layouts/application
  Rendered microposts/show.html.erb within layouts/application (0.6ms)
Completed 200 OK in 17ms (Views: 15.7ms | ActiveRecord: 0.1ms)


Started GET "/microposts" for 127.0.0.1 at 2017-02-25 14:27:04 -0800
Processing by MicropostsController#index as HTML
  Rendering microposts/index.html.erb within layouts/application
  [1m[36mMicropost Load (0.1ms)[0m  [1m[34mSELECT "microposts".* FROM "microposts"[0m
  Rendered microposts/index.html.erb within layouts/application (1.7ms)
Completed 200 OK in 34ms (Views: 31.2ms | ActiveRecord: 0.1ms)


Started GET "/microposts/new" for 127.0.0.1 at 2017-02-25 14:27:26 -0800
Processing by MicropostsController#new as HTML
  Rendering microposts/new.html.erb within layouts/application
  Rendered microposts/_form.html.erb (1.5ms)
  Rendered microposts/new.html.erb within layouts/application (3.1ms)
Completed 200 OK in 27ms (Views: 25.9ms | ActiveRecord: 0.0ms)


Started POST "/microposts" for 127.0.0.1 at 2017-02-25 14:27:27 -0800
Processing by MicropostsController#create as HTML
  Parameters: {"utf8"=>"✓", "authenticity_token"=>"Zl7yl/HcASHtvLMQUnGrCCUydnuk0wW4If7qvOyrHTNnY60OFckVyAxNuovrbPatZINtRywZ62jcpuQ1CBM2gw==", "micropost"=>{"content"=>"", "user_id"=>""}, "commit"=>"Create Micropost"}
  [1m[35m (0.2ms)[0m  [1m[36mbegin transaction[0m
  [1m[35mSQL (1.0ms)[0m  [1m[32mINSERT INTO "microposts" ("content", "created_at", "updated_at") VALUES (?, ?, ?)[0m  [["content", ""], ["created_at", 2017-02-25 22:27:27 UTC], ["updated_at", 2017-02-25 22:27:27 UTC]]
  [1m[35m (7.3ms)[0m  [1m[36mcommit transaction[0m
Redirected to http://localhost:3000/microposts/3
Completed 302 Found in 13ms (ActiveRecord: 8.4ms)


Started GET "/microposts/3" for 127.0.0.1 at 2017-02-25 14:27:27 -0800
Processing by MicropostsController#show as HTML
  Parameters: {"id"=>"3"}
  [1m[36mMicropost Load (0.1ms)[0m  [1m[34mSELECT  "microposts".* FROM "microposts" WHERE "microposts"."id" = ? LIMIT ?[0m  [["id", 3], ["LIMIT", 1]]
  Rendering microposts/show.html.erb within layouts/application
  Rendered microposts/show.html.erb within layouts/application (0.6ms)
Completed 200 OK in 16ms (Views: 14.6ms | ActiveRecord: 0.1ms)


Started GET "/microposts" for 127.0.0.1 at 2017-02-25 14:27:29 -0800
Processing by MicropostsController#index as HTML
  Rendering microposts/index.html.erb within layouts/application
  [1m[36mMicropost Load (0.1ms)[0m  [1m[34mSELECT "microposts".* FROM "microposts"[0m
  Rendered microposts/index.html.erb within layouts/application (1.7ms)
Completed 200 OK in 29ms (Views: 27.7ms | ActiveRecord: 0.1ms)


Started GET "/microposts/new" for 127.0.0.1 at 2017-02-25 14:27:41 -0800
Processing by MicropostsController#new as HTML
  Rendering microposts/new.html.erb within layouts/application
  Rendered microposts/_form.html.erb (2.0ms)
  Rendered microposts/new.html.erb within layouts/application (2.9ms)
Completed 200 OK in 25ms (Views: 24.1ms | ActiveRecord: 0.0ms)


Started POST "/microposts" for 127.0.0.1 at 2017-02-25 14:28:23 -0800
Processing by MicropostsController#create as HTML
  Parameters: {"utf8"=>"✓", "authenticity_token"=>"SIH4eDF9abiL7g8CzpB71jIMd0MRnamTKNmS9Vw0OsNJvKfh1Wh9UWofBpl3jSZzc71sf5lXR0PVgZx8uIwRcw==", "micropost"=>{"content"=>"This is a post with too much content. Too much content will be posted in this post. This is a post with too much content. Too much content will be posted in this post. This is a post with too much content. Too much content will be posted in this post. This is a post with too much content. Too much content will be posted in this post. This is a post with too much content. Too much content will be posted in this post. This is a post with too much content. Too much content will be posted in this post. This is a post with too much content. Too much content will be posted in this post. This is a post with too much content. Too much content will be posted in this post. This is a post with too much content. Too much content will be posted in this post. This is a post with too much content. Too much content will be posted in this post. This is a post with too much content. Too much content will be posted in this post. This is a post with too much content. Too much content will be posted in this post. This is a post with too much content. Too much content will be posted in this post. This is a post with too much content. Too much content will be posted in this post. This is a post with too much content. Too much content will be posted in this post. This is a post with too much content. Too much content will be posted in this post. This is a post with too much content. Too much content will be posted in this post.This is a post with too much content. Too much content will be posted in this post.", "user_id"=>""}, "commit"=>"Create Micropost"}
  [1m[35m (0.1ms)[0m  [1m[36mbegin transaction[0m
  [1m[35mSQL (0.3ms)[0m  [1m[32mINSERT INTO "microposts" ("content", "created_at", "updated_at") VALUES (?, ?, ?)[0m  [["content", "This is a post with too much content. Too much content will be posted in this post. This is a post with too much content. Too much content will be posted in this post. This is a post with too much content. Too much content will be posted in this post. This is a post with too much content. Too much content will be posted in this post. This is a post with too much content. Too much content will be posted in this post. This is a post with too much content. Too much content will be posted in this post. This is a post with too much content. Too much content will be posted in this post. This is a post with too much content. Too much content will be posted in this post. This is a post with too much content. Too much content will be posted in this post. This is a post with too much content. Too much content will be posted in this post. This is a post with too much content. Too much content will be posted in this post. This is a post with too much content. Too much content will be posted in this post. This is a post with too much content. Too much content will be posted in this post. This is a post with too much content. Too much content will be posted in this post. This is a post with too much content. Too much content will be posted in this post. This is a post with too much content. Too much content will be posted in this post. This is a post with too much content. Too much content will be posted in this post.This is a post with too much content. Too much content will be posted in this post."], ["created_at", 2017-02-25 22:28:23 UTC], ["updated_at", 2017-02-25 22:28:23 UTC]]
  [1m[35m (17.8ms)[0m  [1m[36mcommit transaction[0m
Redirected to http://localhost:3000/microposts/4
Completed 302 Found in 24ms (ActiveRecord: 18.2ms)


Started GET "/microposts/4" for 127.0.0.1 at 2017-02-25 14:28:23 -0800
Processing by MicropostsController#show as HTML
  Parameters: {"id"=>"4"}
  [1m[36mMicropost Load (0.1ms)[0m  [1m[34mSELECT  "microposts".* FROM "microposts" WHERE "microposts"."id" = ? LIMIT ?[0m  [["id", 4], ["LIMIT", 1]]
  Rendering microposts/show.html.erb within layouts/application
  Rendered microposts/show.html.erb within layouts/application (0.5ms)
Completed 200 OK in 17ms (Views: 16.0ms | ActiveRecord: 0.1ms)


Started GET "/microposts" for 127.0.0.1 at 2017-02-25 14:28:25 -0800
Processing by MicropostsController#index as HTML
  Rendering microposts/index.html.erb within layouts/application
  [1m[36mMicropost Load (0.2ms)[0m  [1m[34mSELECT "microposts".* FROM "microposts"[0m
  Rendered microposts/index.html.erb within layouts/application (1.8ms)
Completed 200 OK in 20ms (Views: 18.8ms | ActiveRecord: 0.2ms)


Started DELETE "/microposts/4" for 127.0.0.1 at 2017-02-25 14:28:38 -0800
Processing by MicropostsController#destroy as HTML
  Parameters: {"authenticity_token"=>"eVkyaIaIOG11KqcE6UlhSR4AySku7zVUl/531et/tGe3B7qB0aQyI/XFTqCWKFH95605MbDB+X99Po6OdDj77Q==", "id"=>"4"}
  [1m[36mMicropost Load (0.1ms)[0m  [1m[34mSELECT  "microposts".* FROM "microposts" WHERE "microposts"."id" = ? LIMIT ?[0m  [["id", 4], ["LIMIT", 1]]
  [1m[35m (0.0ms)[0m  [1m[36mbegin transaction[0m
  [1m[35mSQL (1.0ms)[0m  [1m[31mDELETE FROM "microposts" WHERE "microposts"."id" = ?[0m  [["id", 4]]
  [1m[35m (6.8ms)[0m  [1m[36mcommit transaction[0m
Redirected to http://localhost:3000/microposts
Completed 302 Found in 13ms (ActiveRecord: 7.8ms)


Started GET "/microposts" for 127.0.0.1 at 2017-02-25 14:28:38 -0800
Processing by MicropostsController#index as HTML
  Rendering microposts/index.html.erb within layouts/application
  [1m[36mMicropost Load (0.1ms)[0m  [1m[34mSELECT "microposts".* FROM "microposts"[0m
  Rendered microposts/index.html.erb within layouts/application (2.1ms)
Completed 200 OK in 18ms (Views: 16.9ms | ActiveRecord: 0.1ms)


Started DELETE "/microposts/3" for 127.0.0.1 at 2017-02-25 14:28:41 -0800
Processing by MicropostsController#destroy as HTML
  Parameters: {"authenticity_token"=>"Vm+Tzbxoh1PpQlQwNCxp7/UNDRs1dtozt75btNgnvKSYMRsk60SNHWmtvZRLTVlbDKD9A6tYFhhdfqLvR2DzLg==", "id"=>"3"}
  [1m[36mMicropost Load (0.1ms)[0m  [1m[34mSELECT  "microposts".* FROM "microposts" WHERE "microposts"."id" = ? LIMIT ?[0m  [["id", 3], ["LIMIT", 1]]
  [1m[35m (0.0ms)[0m  [1m[36mbegin transaction[0m
  [1m[35mSQL (0.1ms)[0m  [1m[31mDELETE FROM "microposts" WHERE "microposts"."id" = ?[0m  [["id", 3]]
  [1m[35m (9.8ms)[0m  [1m[36mcommit transaction[0m
Redirected to http://localhost:3000/microposts
Completed 302 Found in 12ms (ActiveRecord: 10.0ms)


Started GET "/microposts" for 127.0.0.1 at 2017-02-25 14:28:41 -0800
Processing by MicropostsController#index as HTML
  Rendering microposts/index.html.erb within layouts/application
  [1m[36mMicropost Load (0.1ms)[0m  [1m[34mSELECT "microposts".* FROM "microposts"[0m
  Rendered microposts/index.html.erb within layouts/application (1.3ms)
Completed 200 OK in 17ms (Views: 15.6ms | ActiveRecord: 0.1ms)


Started GET "/microposts/new" for 127.0.0.1 at 2017-02-25 14:32:06 -0800
Processing by MicropostsController#new as HTML
  Rendering microposts/new.html.erb within layouts/application
  Rendered microposts/_form.html.erb (1.6ms)
  Rendered microposts/new.html.erb within layouts/application (2.4ms)
Completed 200 OK in 29ms (Views: 17.5ms | ActiveRecord: 0.6ms)


Started POST "/microposts" for 127.0.0.1 at 2017-02-25 14:32:12 -0800
Processing by MicropostsController#create as HTML
  Parameters: {"utf8"=>"✓", "authenticity_token"=>"vPr4Fk2ULjhaXZ1Yp1oOAvJJYU3j1jiUOqbrdH/Woq+9x6ePqYE60buslMMeR1Ons/h6cWsc1kTH/uX9m26JHw==", "micropost"=>{"content"=>"This is a post with too much content. Too much content will be posted in this post.This is a post with too much content. Too much content will be posted in this post.This is a post with too much content. Too much content will be posted in this post.This is a post with too much content. Too much content will be posted in this post.This is a post with too much content. Too much content will be posted in this post.This is a post with too much content. Too much content will be posted in this post.This is a post with too much content. Too much content will be posted in this post.This is a post with too much content. Too much content will be posted in this post.This is a post with too much content. Too much content will be posted in this post.This is a post with too much content. Too much content will be posted in this post.This is a post with too much content. Too much content will be posted in this post.This is a post with too much content. Too much content will be posted in this post.This is a post with too much content. Too much content will be posted in this post.This is a post with too much content. Too much content will be posted in this post.This is a post with too much content. Too much content will be posted in this post.This is a post with too much content. Too much content will be posted in this post.This is a post with too much content. Too much content will be posted in this post.This is a post with too much content. Too much content will be posted in this post.This is a post with too much content. Too much content will be posted in this post.This is a post with too much content. Too much content will be posted in this post.This is a post with too much content. Too much content will be posted in this post.This is a post with too much content. Too much content will be posted in this post.This is a post with too much content. Too much content will be posted in this post.This is a post with too much content. Too much content will be posted in this post.This is a post with too much content. Too much content will be posted in this post.This is a post with too much content. Too much content will be posted in this post.This is a post with too much content. Too much content will be posted in this post.This is a post with too much content. Too much content will be posted in this post.This is a post with too much content. Too much content will be posted in this post.This is a post with too much content. Too much content will be posted in this post.This is a post with too much content. Too much content will be posted in this post.", "user_id"=>""}, "commit"=>"Create Micropost"}
  [1m[35m (0.1ms)[0m  [1m[36mbegin transaction[0m
  [1m[35m (0.1ms)[0m  [1m[31mrollback transaction[0m
  Rendering microposts/new.html.erb within layouts/application
  Rendered microposts/_form.html.erb (2.3ms)
  Rendered microposts/new.html.erb within layouts/application (3.7ms)
Completed 200 OK in 20ms (Views: 17.0ms | ActiveRecord: 0.1ms)


Started GET "/microposts" for 127.0.0.1 at 2017-02-25 14:32:41 -0800
Processing by MicropostsController#index as HTML
  Rendering microposts/index.html.erb within layouts/application
  [1m[36mMicropost Load (0.2ms)[0m  [1m[34mSELECT "microposts".* FROM "microposts"[0m
  Rendered microposts/index.html.erb within layouts/application (2.4ms)
Completed 200 OK in 25ms (Views: 24.2ms | ActiveRecord: 0.2ms)


  [1m[36mUser Load (0.1ms)[0m  [1m[34mSELECT  "users".* FROM "users" ORDER BY "users"."id" ASC LIMIT ?[0m  [["LIMIT", 1]]
  [1m[36mUser Load (0.1ms)[0m  [1m[34mSELECT  "users".* FROM "users" ORDER BY "users"."id" ASC LIMIT ?[0m  [["LIMIT", 1]]
  [1m[36mMicropost Load (0.1ms)[0m  [1m[34mSELECT "microposts".* FROM "microposts" WHERE "microposts"."user_id" = ?[0m  [["user_id", 1]]
Started GET "/users" for 127.0.0.1 at 2017-02-25 14:43:42 -0800
Processing by UsersController#index as HTML
  Rendering users/index.html.erb within layouts/application
  [1m[36mUser Load (0.2ms)[0m  [1m[34mSELECT "users".* FROM "users"[0m
  Rendered users/index.html.erb within layouts/application (4.7ms)
Completed 200 OK in 31ms (Views: 16.8ms | ActiveRecord: 0.6ms)


Started GET "/users/1" for 127.0.0.1 at 2017-02-25 14:43:45 -0800
Processing by UsersController#show as HTML
  Parameters: {"id"=>"1"}
  [1m[36mUser Load (0.2ms)[0m  [1m[34mSELECT  "users".* FROM "users" WHERE "users"."id" = ? LIMIT ?[0m  [["id", 1], ["LIMIT", 1]]
  Rendering users/show.html.erb within layouts/application
  Rendered users/show.html.erb within layouts/application (1.2ms)
Completed 200 OK in 27ms (Views: 23.8ms | ActiveRecord: 0.2ms)


Started GET "/users" for 127.0.0.1 at 2017-02-25 14:43:51 -0800
Processing by UsersController#index as HTML
  Rendering users/index.html.erb within layouts/application
  [1m[36mUser Load (0.1ms)[0m  [1m[34mSELECT "users".* FROM "users"[0m
  Rendered users/index.html.erb within layouts/application (1.6ms)
Completed 200 OK in 23ms (Views: 19.9ms | ActiveRecord: 0.1ms)


Started GET "/microposts" for 127.0.0.1 at 2017-02-25 14:43:57 -0800
Processing by MicropostsController#index as HTML
  Rendering microposts/index.html.erb within layouts/application
  [1m[36mMicropost Load (0.1ms)[0m  [1m[34mSELECT "microposts".* FROM "microposts"[0m
  Rendered microposts/index.html.erb within layouts/application (4.6ms)
Completed 200 OK in 25ms (Views: 19.7ms | ActiveRecord: 0.4ms)


Started GET "/microposts/1" for 127.0.0.1 at 2017-02-25 14:43:59 -0800
Processing by MicropostsController#show as HTML
  Parameters: {"id"=>"1"}
  [1m[36mMicropost Load (0.2ms)[0m  [1m[34mSELECT  "microposts".* FROM "microposts" WHERE "microposts"."id" = ? LIMIT ?[0m  [["id", 1], ["LIMIT", 1]]
  Rendering microposts/show.html.erb within layouts/application
  Rendered microposts/show.html.erb within layouts/application (0.7ms)
Completed 200 OK in 27ms (Views: 23.3ms | ActiveRecord: 0.2ms)


Started GET "/microposts/1" for 127.0.0.1 at 2017-02-25 14:45:27 -0800
Processing by MicropostsController#show as HTML
  Parameters: {"id"=>"1"}
  [1m[36mMicropost Load (0.1ms)[0m  [1m[34mSELECT  "microposts".* FROM "microposts" WHERE "microposts"."id" = ? LIMIT ?[0m  [["id", 1], ["LIMIT", 1]]
  Rendering microposts/show.html.erb within layouts/application
  [1m[36mUser Load (0.1ms)[0m  [1m[34mSELECT  "users".* FROM "users" WHERE "users"."id" = ? LIMIT ?[0m  [["id", 1], ["LIMIT", 1]]
  Rendered microposts/show.html.erb within layouts/application (8.6ms)
Completed 200 OK in 24ms (Views: 22.5ms | ActiveRecord: 0.2ms)


Started GET "/microposts" for 127.0.0.1 at 2017-02-25 14:45:31 -0800
Processing by MicropostsController#index as HTML
  Rendering microposts/index.html.erb within layouts/application
  [1m[36mMicropost Load (0.2ms)[0m  [1m[34mSELECT "microposts".* FROM "microposts"[0m
  Rendered microposts/index.html.erb within layouts/application (2.1ms)
Completed 200 OK in 26ms (Views: 24.2ms | ActiveRecord: 0.2ms)


Started GET "/microposts/new" for 127.0.0.1 at 2017-02-25 14:45:33 -0800
Processing by MicropostsController#new as HTML
  Rendering microposts/new.html.erb within layouts/application
  Rendered microposts/_form.html.erb (8.0ms)
  Rendered microposts/new.html.erb within layouts/application (11.2ms)
Completed 200 OK in 34ms (Views: 32.0ms | ActiveRecord: 0.0ms)


Started POST "/microposts" for 127.0.0.1 at 2017-02-25 14:48:44 -0800
Processing by MicropostsController#create as HTML
  Parameters: {"utf8"=>"✓", "authenticity_token"=>"n3Sx2oVwbQU3e3ztpUNjm2iGua50/wy3wl1GD2ER/nueSe5DYWV57NaKdXYcXj4+KTeikvw14mc/BUiGhanVyw==", "micropost"=>{"content"=>"Here is more content", "user_id"=>"0"}, "commit"=>"Create Micropost"}
  [1m[35m (0.1ms)[0m  [1m[36mbegin transaction[0m
  [1m[36mUser Load (0.1ms)[0m  [1m[34mSELECT  "users".* FROM "users" WHERE "users"."id" = ? LIMIT ?[0m  [["id", 0], ["LIMIT", 1]]
  [1m[35m (0.1ms)[0m  [1m[31mrollback transaction[0m
  Rendering microposts/new.html.erb within layouts/application
  Rendered microposts/_form.html.erb (2.6ms)
  Rendered microposts/new.html.erb within layouts/application (3.6ms)
Completed 200 OK in 27ms (Views: 23.5ms | ActiveRecord: 0.2ms)


Started POST "/microposts" for 127.0.0.1 at 2017-02-25 14:48:51 -0800
Processing by MicropostsController#create as HTML
  Parameters: {"utf8"=>"✓", "authenticity_token"=>"rMuKr/dsuokNWoDTSXbXjdNUbq6d8qftLLcsM/TrbaRilQJGoECwx421aXc2F+c5KvmetgPca8bGd9Voa6wiLg==", "micropost"=>{"content"=>"Here is more content", "user_id"=>"-3"}, "commit"=>"Create Micropost"}
  [1m[35m (0.1ms)[0m  [1m[36mbegin transaction[0m
  [1m[36mUser Load (0.1ms)[0m  [1m[34mSELECT  "users".* FROM "users" WHERE "users"."id" = ? LIMIT ?[0m  [["id", -3], ["LIMIT", 1]]
  [1m[35m (0.1ms)[0m  [1m[31mrollback transaction[0m
  Rendering microposts/new.html.erb within layouts/application
  Rendered microposts/_form.html.erb (2.8ms)
  Rendered microposts/new.html.erb within layouts/application (4.5ms)
Completed 200 OK in 25ms (Views: 20.9ms | ActiveRecord: 0.3ms)


Started POST "/microposts" for 127.0.0.1 at 2017-02-25 14:48:55 -0800
Processing by MicropostsController#create as HTML
  Parameters: {"utf8"=>"✓", "authenticity_token"=>"1A24Abta+WL0T17ICnpd/P7PNZmIZd2r/mZpo2zYMjMaUzDo7HbzLHSgt2x1G21IB2LFgRZLEYAUppD48599uQ==", "micropost"=>{"content"=>"Here is more content", "user_id"=>"2"}, "commit"=>"Create Micropost"}
  [1m[35m (0.1ms)[0m  [1m[36mbegin transaction[0m
  [1m[36mUser Load (0.1ms)[0m  [1m[34mSELECT  "users".* FROM "users" WHERE "users"."id" = ? LIMIT ?[0m  [["id", 2], ["LIMIT", 1]]
  [1m[35m (0.2ms)[0m  [1m[31mrollback transaction[0m
  Rendering microposts/new.html.erb within layouts/application
  Rendered microposts/_form.html.erb (1.8ms)
  Rendered microposts/new.html.erb within layouts/application (2.9ms)
Completed 200 OK in 21ms (Views: 16.7ms | ActiveRecord: 0.4ms)


Started POST "/microposts" for 127.0.0.1 at 2017-02-25 14:48:58 -0800
Processing by MicropostsController#create as HTML
  Parameters: {"utf8"=>"✓", "authenticity_token"=>"aQAwqTAt8BfDxU2lVqh+yBC9pjvarXefx3RS7b8L7rynXrhAZwH6WUMqpAEpyU586RBWI0SDu7QttKu2IEyhNg==", "micropost"=>{"content"=>"Here is more content", "user_id"=>"1"}, "commit"=>"Create Micropost"}
  [1m[35m (0.2ms)[0m  [1m[36mbegin transaction[0m
  [1m[36mUser Load (0.1ms)[0m  [1m[34mSELECT  "users".* FROM "users" WHERE "users"."id" = ? LIMIT ?[0m  [["id", 1], ["LIMIT", 1]]
  [1m[35mSQL (1.6ms)[0m  [1m[32mINSERT INTO "microposts" ("content", "user_id", "created_at", "updated_at") VALUES (?, ?, ?, ?)[0m  [["content", "Here is more content"], ["user_id", 1], ["created_at", 2017-02-25 22:48:58 UTC], ["updated_at", 2017-02-25 22:48:58 UTC]]
  [1m[35m (11.4ms)[0m  [1m[36mcommit transaction[0m
Redirected to http://localhost:3000/microposts/5
Completed 302 Found in 21ms (ActiveRecord: 13.3ms)


Started GET "/microposts/5" for 127.0.0.1 at 2017-02-25 14:48:58 -0800
Processing by MicropostsController#show as HTML
  Parameters: {"id"=>"5"}
  [1m[36mMicropost Load (0.1ms)[0m  [1m[34mSELECT  "microposts".* FROM "microposts" WHERE "microposts"."id" = ? LIMIT ?[0m  [["id", 5], ["LIMIT", 1]]
  Rendering microposts/show.html.erb within layouts/application
  [1m[36mUser Load (0.1ms)[0m  [1m[34mSELECT  "users".* FROM "users" WHERE "users"."id" = ? LIMIT ?[0m  [["id", 1], ["LIMIT", 1]]
  Rendered microposts/show.html.erb within layouts/application (1.3ms)
Completed 200 OK in 17ms (Views: 16.1ms | ActiveRecord: 0.1ms)


Started GET "/microposts" for 127.0.0.1 at 2017-02-25 14:49:01 -0800
Processing by MicropostsController#index as HTML
  Rendering microposts/index.html.erb within layouts/application
  [1m[36mMicropost Load (0.2ms)[0m  [1m[34mSELECT "microposts".* FROM "microposts"[0m
  Rendered microposts/index.html.erb within layouts/application (3.2ms)
Completed 200 OK in 29ms (Views: 26.9ms | ActiveRecord: 0.2ms)


Started GET "/microposts" for 127.0.0.1 at 2017-02-25 18:50:38 -0800
Processing by MicropostsController#index as HTML
  Rendering microposts/index.html.erb within layouts/application
  [1m[36mMicropost Load (0.2ms)[0m  [1m[34mSELECT "microposts".* FROM "microposts"[0m
  Rendered microposts/index.html.erb within layouts/application (5.6ms)
Completed 200 OK in 29ms (Views: 20.8ms | ActiveRecord: 0.6ms)


Started GET "/microposts" for 127.0.0.1 at 2017-02-25 18:50:41 -0800
Processing by MicropostsController#index as HTML
  Rendering microposts/index.html.erb within layouts/application
  [1m[36mMicropost Load (0.2ms)[0m  [1m[34mSELECT "microposts".* FROM "microposts"[0m
  Rendered microposts/index.html.erb within layouts/application (2.6ms)
Completed 200 OK in 20ms (Views: 18.6ms | ActiveRecord: 0.2ms)


